<?xml version="1.0" encoding="UTF-8"?>
<!-- Generated by org.testng.reporters.JUnitReportReporter -->
<testsuite hostname="DESKTOP-FMP05AF" name="com.project.FibonacciNumberTest" tests="3" failures="0" timestamp="23 Dec 2015 05:12:24 GMT" time="0.006" errors="0">
  <testcase name="generateFSTest" time="0.002" classname="com.project.FibonacciNumberTest"/>
  <testcase name="generateFSTest1" time="0.001" classname="com.project.FibonacciNumberTest"/>
  <testcase name="generateFSTest2" time="0.003" classname="com.project.FibonacciNumberTest"/>
</testsuite> <!-- com.project.FibonacciNumberTest -->
