<?xml version="1.0" encoding="UTF-8"?>
<!-- Generated by org.testng.reporters.JUnitReportReporter -->
<testsuite hostname="Venis-PC" name="com.project.ForAndWhileLoopstest" tests="8" failures="0" timestamp="22 Feb 2016 03:06:46 GMT" time="0.045" errors="0">
  <testcase name="Negative3" time="0.003" classname="com.project.ForAndWhileLoopstest"/>
  <testcase name="b" time="0.001" classname="com.project.ForAndWhileLoopstest"/>
  <testcase name="d" time="0.002" classname="com.project.ForAndWhileLoopstest"/>
  <testcase name="a" time="0.001" classname="com.project.ForAndWhileLoopstest"/>
  <testcase name="Negative2" time="0.001" classname="com.project.ForAndWhileLoopstest"/>
  <testcase name="Negative1" time="0.034" classname="com.project.ForAndWhileLoopstest"/>
  <testcase name="c" time="0.002" classname="com.project.ForAndWhileLoopstest"/>
  <testcase name="Negative4" time="0.001" classname="com.project.ForAndWhileLoopstest"/>
</testsuite> <!-- com.project.ForAndWhileLoopstest -->
