<?xml version="1.0" encoding="UTF-8"?>
<!-- Generated by org.testng.reporters.JUnitReportReporter -->
<testsuite hostname="Venis-PC" name="com.project.FindingPrimeNumberTest" tests="5" failures="0" timestamp="22 Feb 2016 03:06:46 GMT" time="0.065" errors="0">
  <testcase name="Positive2" time="0.001" classname="com.project.FindingPrimeNumberTest"/>
  <testcase name="Positive1" time="0.001" classname="com.project.FindingPrimeNumberTest"/>
  <testcase name="Negative2" time="0.002" classname="com.project.FindingPrimeNumberTest"/>
  <testcase name="Negative1" time="0.058" classname="com.project.FindingPrimeNumberTest"/>
  <testcase name="Negative3" time="0.003" classname="com.project.FindingPrimeNumberTest"/>
</testsuite> <!-- com.project.FindingPrimeNumberTest -->
