<?xml version="1.0" encoding="UTF-8"?>
<!-- Generated by org.testng.reporters.JUnitReportReporter -->
<testsuite hostname="Venis-PC" name="com.project.StringBasicTest" tests="7" failures="0" timestamp="22 Feb 2016 03:06:46 GMT" time="0.015" errors="0">
  <testcase name="palindromeTest2" time="0.004" classname="com.project.StringBasicTest"/>
  <testcase name="palindromeTest1" time="0.002" classname="com.project.StringBasicTest"/>
  <testcase name="replaceStringTest" time="0.002" classname="com.project.StringBasicTest"/>
  <testcase name="palindromeTest" time="0.002" classname="com.project.StringBasicTest"/>
  <testcase name="reverseStringTest" time="0.001" classname="com.project.StringBasicTest"/>
  <testcase name="convertStringTest" time="0.003" classname="com.project.StringBasicTest"/>
  <testcase name="reverseSentenceTest" time="0.001" classname="com.project.StringBasicTest"/>
</testsuite> <!-- com.project.StringBasicTest -->
