<?xml version="1.0" encoding="UTF-8"?>
<!-- Generated by org.testng.reporters.JUnitReportReporter -->
<testsuite hostname="Venis-PC" name="com.project.ArrayBasicTest" tests="19" failures="0" timestamp="22 Feb 2016 03:06:47 GMT" time="0.062" errors="0">
  <testcase name="generateLNtest6" time="0.001" classname="com.project.ArrayBasicTest"/>
  <testcase name="commonNumberTest6" time="0.001" classname="com.project.ArrayBasicTest"/>
  <testcase name="existsTest2" time="0.001" classname="com.project.ArrayBasicTest"/>
  <testcase name="commonNumberTest5" time="0.001" classname="com.project.ArrayBasicTest"/>
  <testcase name="commonNumberTest1" time="0.041" classname="com.project.ArrayBasicTest"/>
  <testcase name="existsTest4" time="0.001" classname="com.project.ArrayBasicTest"/>
  <testcase name="generateLNtest4" time="0.003" classname="com.project.ArrayBasicTest"/>
  <testcase name="generateLNtest3" time="0.001" classname="com.project.ArrayBasicTest"/>
  <testcase name="commonNumberTest4" time="0.001" classname="com.project.ArrayBasicTest"/>
  <testcase name="existsTest3" time="0.001" classname="com.project.ArrayBasicTest"/>
  <testcase name="generateLNtest1" time="0.001" classname="com.project.ArrayBasicTest"/>
  <testcase name="mergeTest" time="0.001" classname="com.project.ArrayBasicTest"/>
  <testcase name="generateLNtest5" time="0.001" classname="com.project.ArrayBasicTest"/>
  <testcase name="commonNumberTest2" time="0.001" classname="com.project.ArrayBasicTest"/>
  <testcase name="commonNumberTest3" time="0.001" classname="com.project.ArrayBasicTest"/>
  <testcase name="generateLNtest2" time="0.001" classname="com.project.ArrayBasicTest"/>
  <testcase name="existsTest1" time="0.001" classname="com.project.ArrayBasicTest"/>
  <testcase name="swapTest1" time="0.002" classname="com.project.ArrayBasicTest"/>
  <testcase name="sortTest1" time="0.001" classname="com.project.ArrayBasicTest"/>
</testsuite> <!-- com.project.ArrayBasicTest -->
