<?xml version="1.0" encoding="UTF-8"?>
<!-- Generated by org.testng.reporters.JUnitReportReporter -->
<testsuite hostname="Venis-PC" name="com.project.FactorialNumberTest" tests="4" failures="0" timestamp="22 Feb 2016 03:06:46 GMT" time="0.015" errors="0">
  <testcase name="positive3" time="0.007" classname="com.project.FactorialNumberTest"/>
  <testcase name="positive4" time="0.000" classname="com.project.FactorialNumberTest"/>
  <testcase name="positive1" time="0.007" classname="com.project.FactorialNumberTest"/>
  <testcase name="positive2" time="0.001" classname="com.project.FactorialNumberTest"/>
</testsuite> <!-- com.project.FactorialNumberTest -->
