<?xml version="1.0" encoding="UTF-8"?>
<!-- Generated by org.testng.reporters.JUnitReportReporter -->
<testsuite hostname="Venis-PC" name="com.project.SwapNumbersTest" tests="14" failures="0" timestamp="22 Feb 2016 03:06:46 GMT" time="0.042" errors="0">
  <testcase name="NegativeTest4" time="0.001" classname="com.project.SwapNumbersTest"/>
  <testcase name="method2" time="0.002" classname="com.project.SwapNumbersTest"/>
  <testcase name="NegativeTest10" time="0.002" classname="com.project.SwapNumbersTest"/>
  <testcase name="NegativeTest11" time="0.001" classname="com.project.SwapNumbersTest"/>
  <testcase name="NegativeTest3" time="0.001" classname="com.project.SwapNumbersTest"/>
  <testcase name="NegativeTest12" time="0.003" classname="com.project.SwapNumbersTest"/>
  <testcase name="NegativeTest5" time="0.001" classname="com.project.SwapNumbersTest"/>
  <testcase name="NegativeTest7" time="0.002" classname="com.project.SwapNumbersTest"/>
  <testcase name="NegativeTest1" time="0.022" classname="com.project.SwapNumbersTest"/>
  <testcase name="NegativeTest8" time="0.001" classname="com.project.SwapNumbersTest"/>
  <testcase name="NegativeTest6" time="0.001" classname="com.project.SwapNumbersTest"/>
  <testcase name="NegativeTest9" time="0.001" classname="com.project.SwapNumbersTest"/>
  <testcase name="NegativeTest2" time="0.001" classname="com.project.SwapNumbersTest"/>
  <testcase name="method1" time="0.003" classname="com.project.SwapNumbersTest"/>
</testsuite> <!-- com.project.SwapNumbersTest -->
